Arguments: 
  /Users/okamu/.homesick/repos/dotfiles/home/.anyenv/envs/ndenv/versions/v10.1.0/bin/node /usr/local/Cellar/yarn/1.6.0/libexec/bin/yarn.js init

PATH: 
  /Users/okamu/.anyenv/envs/ndenv/versions/v10.1.0/bin:/Users/okamu/.anyenv/envs/ndenv/libexec:/Users/okamu/.anyenv/envs/ndenv/plugins/ndenv-update/bin:/Users/okamu/.anyenv/envs/ndenv/plugins/node-build/bin:/Users/okamu/go/bin:/Users/okamu/.yarn/bin:/usr/local/Cellar/git/2.14.1/bin:/Users/okamu/.fastlane/bin:/usr/local/opt/imagemagick@6/bin:/usr/local/bin:/Users/okamu/.zplug/bin:/Users/okamu/.anyenv/envs/rbenv/shims:/Users/okamu/.anyenv/envs/pyenv/shims:/Users/okamu/.anyenv/envs/ndenv/shims:/Users/okamu/.anyenv/envs/goenv/shims:/Users/okamu/.anyenv/envs/rbenv/bin:/Users/okamu/.anyenv/envs/pyenv/bin:/Users/okamu/.anyenv/envs/ndenv/bin:/Users/okamu/.anyenv/envs/goenv/bin:/Users/okamu/.anyenv/bin:/usr/bin:/bin:/usr/sbin:/sbin:/opt/X11/bin:/usr/local/bin

Yarn version: 
  1.6.0

Node version: 
  10.1.0

Platform: 
  darwin x64

Trace: 
  Error: canceled
      at Interface.<anonymous> (/usr/local/Cellar/yarn/1.6.0/libexec/lib/cli.js:129516:13)
      at Interface.emit (events.js:182:13)
      at Interface._ttyWrite (readline.js:778:16)
      at ReadStream.onkeypress (readline.js:163:10)
      at ReadStream.emit (events.js:182:13)
      at emitKeys (internal/readline.js:422:14)
      at emitKeys.next (<anonymous>)
      at ReadStream.onData (readline.js:1014:36)
      at ReadStream.emit (events.js:182:13)
      at addChunk (_stream_readable.js:277:12)

npm manifest: 
  No manifest

yarn manifest: 
  No manifest

Lockfile: 
  No lockfile
